
ROM used:   4887/8192 (60%)
            4907/8192 (60%) including unused fragments

            1.4 Average locations per line
            11.1 Average locations per statement

RAM used:   25/368 (7%) at main() level
            101/368 (27%) worst case

Stack used: 0 worst case (0 in main + 0 for interrupts)
Stack size: 8

Lines Stmts  %   Files
----- ----- ---  -----
  259   101  23  fuzzy.main.c
  661     0   0  ..\..\..\..\..\Program Files (x86)\PICC\Devices\16F877A.h
 2229   257  58  ..\..\..\..\..\Program Files (x86)\PICC\Drivers\math.h
  456    84  19  ..\..\..\..\..\Program Files (x86)\PICC\Drivers\lcd.c
----- -----
 3605   442 Total

Page ROM  %  RAM   Vol Diff  Functions:
---- --- --- ---   --- ----  ----------
0     31   1    4             @SFTOI
0     29   1    2             @ITOF
0    134   3   13             @MULFF
1    323   7   16             @ADDFF
1    217   4   14             @DIVFF
0     20   0    1             @delay_ms1
0      8   0    0             @const774
 Inline         3   596  5.9  lcd_read_byte
0      6   0    0    59  4.2  lcd_read_nibble
0     17   0    1   179  3.3  lcd_send_nibble
0     66   1    3   460  4.7  lcd_send_byte
0     51   1    2   667  5.9  lcd_init
0     18   0    4   208  6.3  lcd_gotoxy
1     56   1    1   354  4.7  lcd_putc
0    253   5    0             @const808
0    253   5    0             @const812
0    250   5    0             @const816
0    250   5    0             @const820
0    254   5    0             @const824
0    215   4    0             @const832
0     21   0    3             @DIV88
0    112   2   12   500  6.2  SelectMatrixAndRowAndColumn
1   1363  28   27  5227 10.1  GetDataAndInterpolate
0     37   1    2             @MUL88
2    467  10    4  1086  5.4  MAIN
0      9   0    0             @const879
 Inline         5             @FTOSD
1     79   2   13             @DIV3232
2    250   5   13             @PRINTF_L32D_792FPFPF
2     94   2    5             @PSTRINGCN7_792
 Inline         0             @cinit1

Program metrics:
    Functions               10
    Statements              442
    Comments                490
    Volume (V)              12894
    Difficulty (D)          53.3
    Effort to implement (E) 686714
    Time to implement (T)   10 hours, 36 minutes
    Est Delivered Bugs (B)  3
    Cyclomatic Complexity   21
    Maintainability (MI)    22

 Segment     Used  Free
-----------  ----  ----
00000-00003     4  0  
00004-007FF  2034  10  
00800-00FFF  2038  10  
01000-017FF   811  1237  
01800-01FFF     0  2048  



